0 info it worked if it ends with ok
1 verbose cli [ 'node', '/usr/local/bin/npm', 'install', '-g', 'gitbook-cli' ]
2 info using npm@1.4.28
3 info using node@v0.10.35
4 verbose cache add [ 'gitbook-cli', null ]
5 verbose cache add name=undefined spec="gitbook-cli" args=["gitbook-cli",null]
6 verbose parsed url { protocol: null,
6 verbose parsed url   slashes: null,
6 verbose parsed url   auth: null,
6 verbose parsed url   host: null,
6 verbose parsed url   port: null,
6 verbose parsed url   hostname: null,
6 verbose parsed url   hash: null,
6 verbose parsed url   search: null,
6 verbose parsed url   query: null,
6 verbose parsed url   pathname: 'gitbook-cli',
6 verbose parsed url   path: 'gitbook-cli',
6 verbose parsed url   href: 'gitbook-cli' }
7 silly lockFile bdc2bae0-gitbook-cli gitbook-cli
8 verbose lock gitbook-cli /Users/Xuan/.npm/bdc2bae0-gitbook-cli.lock
9 silly lockFile bdc2bae0-gitbook-cli gitbook-cli
10 silly lockFile bdc2bae0-gitbook-cli gitbook-cli
11 verbose addNamed [ 'gitbook-cli', '' ]
12 verbose addNamed [ null, '*' ]
13 silly lockFile 3f216d15-gitbook-cli gitbook-cli@
14 verbose lock gitbook-cli@ /Users/Xuan/.npm/3f216d15-gitbook-cli.lock
15 silly addNameRange { name: 'gitbook-cli', range: '*', hasData: false }
16 verbose request where is /gitbook-cli
17 verbose request registry https://registry.npmjs.org/
18 verbose request id 186b29fce8c09132
19 verbose url raw /gitbook-cli
20 verbose url resolving [ 'https://registry.npmjs.org/', './gitbook-cli' ]
21 verbose url resolved https://registry.npmjs.org/gitbook-cli
22 verbose request where is https://registry.npmjs.org/gitbook-cli
23 info trying registry request attempt 1 at 16:05:29
24 http GET https://registry.npmjs.org/gitbook-cli
25 http 200 https://registry.npmjs.org/gitbook-cli
26 silly registry.get cb [ 200,
26 silly registry.get   { server: 'CouchDB/1.5.0 (Erlang OTP/R16B03)',
26 silly registry.get     etag: '"DJQDXOMO3GHBK7V3YZPABZJCC"',
26 silly registry.get     'content-type': 'application/json',
26 silly registry.get     'cache-control': 'max-age=60',
26 silly registry.get     'content-length': '11329',
26 silly registry.get     'accept-ranges': 'bytes',
26 silly registry.get     date: 'Fri, 19 Jun 2015 08:05:33 GMT',
26 silly registry.get     via: '1.1 varnish',
26 silly registry.get     age: '0',
26 silly registry.get     connection: 'keep-alive',
26 silly registry.get     'x-served-by': 'cache-sjc3122-SJC',
26 silly registry.get     'x-cache': 'MISS',
26 silly registry.get     'x-cache-hits': '0',
26 silly registry.get     'x-timer': 'S1434701133.216788,VS0,VE345',
26 silly registry.get     vary: 'Accept' } ]
27 silly addNameRange number 2 { name: 'gitbook-cli', range: '*', hasData: true }
28 silly addNameRange versions [ 'gitbook-cli',
28 silly addNameRange   [ '0.1.0', '0.2.0', '0.3.0', '0.3.1', '0.3.2', '0.3.3', '0.3.4' ] ]
29 verbose addNamed [ 'gitbook-cli', '0.3.4' ]
30 verbose addNamed [ '0.3.4', '0.3.4' ]
31 silly lockFile 2d15a1a2-gitbook-cli-0-3-4 gitbook-cli@0.3.4
32 verbose lock gitbook-cli@0.3.4 /Users/Xuan/.npm/2d15a1a2-gitbook-cli-0-3-4.lock
33 silly lockFile 458c1609-itbook-cli-gitbook-cli-0-3-4-tgz https://registry.npmjs.org/gitbook-cli/-/gitbook-cli-0.3.4.tgz
34 verbose lock https://registry.npmjs.org/gitbook-cli/-/gitbook-cli-0.3.4.tgz /Users/Xuan/.npm/458c1609-itbook-cli-gitbook-cli-0-3-4-tgz.lock
35 verbose addRemoteTarball [ 'https://registry.npmjs.org/gitbook-cli/-/gitbook-cli-0.3.4.tgz',
35 verbose addRemoteTarball   'd77581a3da70e7445f069bce4659980b3a40aab5' ]
36 info retry fetch attempt 1 at 16:05:33
37 verbose fetch to= /var/folders/40/58clqjld7p71rw5q7fpdr8rw0000gn/T/npm-36821-9lacW5Jn/registry.npmjs.org/gitbook-cli/-/gitbook-cli-0.3.4.tgz
38 http GET https://registry.npmjs.org/gitbook-cli/-/gitbook-cli-0.3.4.tgz
39 http 200 https://registry.npmjs.org/gitbook-cli/-/gitbook-cli-0.3.4.tgz
40 silly lockFile 458c1609-itbook-cli-gitbook-cli-0-3-4-tgz https://registry.npmjs.org/gitbook-cli/-/gitbook-cli-0.3.4.tgz
41 silly lockFile 458c1609-itbook-cli-gitbook-cli-0-3-4-tgz https://registry.npmjs.org/gitbook-cli/-/gitbook-cli-0.3.4.tgz
42 silly lockFile 2d15a1a2-gitbook-cli-0-3-4 gitbook-cli@0.3.4
43 silly lockFile 2d15a1a2-gitbook-cli-0-3-4 gitbook-cli@0.3.4
44 silly lockFile 3f216d15-gitbook-cli gitbook-cli@
45 silly lockFile 3f216d15-gitbook-cli gitbook-cli@
46 silly resolved [ { name: 'gitbook-cli',
46 silly resolved     version: '0.3.4',
46 silly resolved     homepage: 'https://www.gitbook.com',
46 silly resolved     description: 'CLI to generate books using gitbook',
46 silly resolved     main: 'lib/index.js',
46 silly resolved     dependencies:
46 silly resolved      { q: '1.0.1',
46 silly resolved        lodash: '2.4.1',
46 silly resolved        semver: '2.2.1',
46 silly resolved        npmi: '0.1.1',
46 silly resolved        tmp: '0.0.23',
46 silly resolved        commander: '2.6.0',
46 silly resolved        optimist: '0.6.1',
46 silly resolved        'fs-extra': '0.15.0',
46 silly resolved        'bash-color': '0.0.3',
46 silly resolved        npm: '2.4.1',
46 silly resolved        'user-home': '1.1.1' },
46 silly resolved     repository:
46 silly resolved      { type: 'git',
46 silly resolved        url: 'git+https://github.com/GitbookIO/gitbook-cli.git' },
46 silly resolved     author: { name: 'FriendCode Inc.', email: 'contact@gitbook.com' },
46 silly resolved     license: 'Apache 2',
46 silly resolved     bugs: { url: 'https://github.com/GitbookIO/gitbook-cli/issues' },
46 silly resolved     bin: { gitbook: './bin/gitbook.js' },
46 silly resolved     contributors: [ [Object], [Object] ],
46 silly resolved     gitHead: 'a5ed510b6e2059ecbf074456da6c27e3da00d3f7',
46 silly resolved     _id: 'gitbook-cli@0.3.4',
46 silly resolved     scripts: {},
46 silly resolved     _shasum: 'd77581a3da70e7445f069bce4659980b3a40aab5',
46 silly resolved     _from: 'gitbook-cli@',
46 silly resolved     _npmVersion: '2.10.1',
46 silly resolved     _nodeVersion: '0.10.26',
46 silly resolved     _npmUser: { name: 'samypesse', email: 'samypesse@gmail.com' },
46 silly resolved     dist:
46 silly resolved      { shasum: 'd77581a3da70e7445f069bce4659980b3a40aab5',
46 silly resolved        tarball: 'http://registry.npmjs.org/gitbook-cli/-/gitbook-cli-0.3.4.tgz' },
46 silly resolved     maintainers: [ [Object] ],
46 silly resolved     directories: {},
46 silly resolved     _resolved: 'https://registry.npmjs.org/gitbook-cli/-/gitbook-cli-0.3.4.tgz' } ]
47 info install gitbook-cli@0.3.4 into /usr/local/lib
48 info installOne gitbook-cli@0.3.4
49 verbose lib/node_modules/gitbook-cli unbuild
50 verbose tar unpack /Users/Xuan/.npm/gitbook-cli/0.3.4/package.tgz
51 silly lockFile 735a383f-cal-lib-node-modules-gitbook-cli tar:///usr/local/lib/node_modules/gitbook-cli
52 verbose lock tar:///usr/local/lib/node_modules/gitbook-cli /Users/Xuan/.npm/735a383f-cal-lib-node-modules-gitbook-cli.lock
53 silly lockFile aa130ee1-pm-gitbook-cli-0-3-4-package-tgz tar:///Users/Xuan/.npm/gitbook-cli/0.3.4/package.tgz
54 verbose lock tar:///Users/Xuan/.npm/gitbook-cli/0.3.4/package.tgz /Users/Xuan/.npm/aa130ee1-pm-gitbook-cli-0-3-4-package-tgz.lock
55 silly gunzTarPerm modes [ '755', '644' ]
56 error Error: EACCES, mkdir '/usr/local/lib/node_modules/gitbook-cli'
56 error  { [Error: EACCES, mkdir '/usr/local/lib/node_modules/gitbook-cli']
56 error   errno: 3,
56 error   code: 'EACCES',
56 error   path: '/usr/local/lib/node_modules/gitbook-cli',
56 error   fstream_type: 'Directory',
56 error   fstream_path: '/usr/local/lib/node_modules/gitbook-cli',
56 error   fstream_class: 'DirWriter',
56 error   fstream_stack:
56 error    [ '/usr/local/lib/node_modules/npm/node_modules/fstream/lib/dir-writer.js:36:23',
56 error      '/usr/local/lib/node_modules/npm/node_modules/mkdirp/index.js:46:53',
56 error      'Object.oncomplete (fs.js:108:15)' ] }
57 error Please try running this command again as root/Administrator.
58 error System Darwin 14.3.0
59 error command "node" "/usr/local/bin/npm" "install" "-g" "gitbook-cli"
60 error cwd /Users/Xuan/Documents/Work/Test/gitbook
61 error node -v v0.10.35
62 error npm -v 1.4.28
63 error path /usr/local/lib/node_modules/gitbook-cli
64 error fstream_path /usr/local/lib/node_modules/gitbook-cli
65 error fstream_type Directory
66 error fstream_class DirWriter
67 error code EACCES
68 error errno 3
69 error stack Error: EACCES, mkdir '/usr/local/lib/node_modules/gitbook-cli'
70 error fstream_stack /usr/local/lib/node_modules/npm/node_modules/fstream/lib/dir-writer.js:36:23
70 error fstream_stack /usr/local/lib/node_modules/npm/node_modules/mkdirp/index.js:46:53
70 error fstream_stack Object.oncomplete (fs.js:108:15)
71 verbose exit [ 3, true ]
